<?xml version="1.0" encoding="UTF-8"?>
<testsuite xmlns:xsi="http://www.w3.org/2001/XMLSchema-instance" xsi:noNamespaceSchemaLocation="https://maven.apache.org/surefire/maven-surefire-plugin/xsd/surefire-test-report.xsd" version="3.0.2" name="com.cognizant.springlearn.controller.CountryControllerTests" time="2.675" tests="3" errors="0" skipped="0" failures="0" flakes="0">
  <properties>
[...]
</properties>
  <testcase name="countriesReturnsList" classname="com.cognizant.springlearn.controller.CountryControllerTests" time="0.961">
    <system-out><![CDATA[16:29:35.961 [main] INFO org.springframework.test.context.support.AnnotationConfigContextLoaderUtils -- Could not detect default configuration classes for test class [com.cognizant.springlearn.controller.CountryControllerTests]: CountryControllerTests does not declare any static, non-private, non-final, nested classes annotated with @Configuration.
16:29:36.091 [main] INFO org.springframework.boot.test.context.SpringBootTestContextBootstrapper -- Found @SpringBootConfiguration com.cognizant.springlearn.SpringLearnApplication for test class com.cognizant.springlearn.controller.CountryControllerTests
16:29:36.175 [main] INFO org.springframework.test.context.support.AnnotationConfigContextLoaderUtils -- Could not detect default configuration classes for test class [com.cognizant.springlearn.controller.CountryControllerTests]: CountryControllerTests does not declare any static, non-private, non-final, nested classes annotated with @Configuration.
16:29:36.177 [main] INFO org.springframework.boot.test.context.SpringBootTestContextBootstrapper -- Found @SpringBootConfiguration com.cognizant.springlearn.SpringLearnApplication for test class com.cognizant.springlearn.controller.CountryControllerTests

  .   ____          _            __ _ _
 /\\ / ___'_ __ _ _(_)_ __  __ _ \ \ \ \
( ( )\___ | '_ | '_| | '_ \/ _` | \ \ \ \
 \\/  ___)| |_)| | | | | || (_| |  ) ) ) )
  '  |____| .__|_| |_|_| |_\__, | / / / /
 =========|_|==============|___/=/_/_/_/

 :: Spring Boot ::                (v4.1.0)

2026-07-01T16:29:36.503+05:30  INFO 1452 --- [           main] c.c.s.controller.CountryControllerTests  : Starting CountryControllerTests using Java 25.0.3 with PID 1452 (started by sys1 in E:\Xampp\htdocs\JAVA_FSE\deepskilling\week_3\spring_rest_handson_2)
2026-07-01T16:29:36.505+05:30  INFO 1452 --- [           main] c.c.s.controller.CountryControllerTests  : No active profile set, falling back to 1 default profile: "default"
2026-07-01T16:29:37.425+05:30  INFO 1452 --- [           main] c.c.s.controller.CountryControllerTests  : Started CountryControllerTests in 1.197 seconds (process running for 2.375)
2026-07-01T16:29:38.046+05:30  INFO 1452 --- [           main] o.s.b.t.m.w.SpringBootMockServletContext : Initializing Spring TestDispatcherServlet ''
2026-07-01T16:29:38.046+05:30  INFO 1452 --- [           main] o.s.t.web.servlet.TestDispatcherServlet  : Initializing Servlet ''
2026-07-01T16:29:38.047+05:30  INFO 1452 --- [           main] o.s.t.web.servlet.TestDispatcherServlet  : Completed initialization in 1 ms
2026-07-01T16:29:38.108+05:30  INFO 1452 --- [           main] c.c.s.controller.CountryController       : START
2026-07-01T16:29:38.229+05:30  INFO 1452 --- [           main] c.c.s.controller.CountryController       : END
]]></system-out>
    <system-err><![CDATA[Mockito is currently self-attaching to enable the inline-mock-maker. This will no longer work in future releases of the JDK. Please add Mockito as an agent to your build as described in Mockito's documentation: https://javadoc.io/doc/org.mockito/mockito-core/latest/org.mockito/org/mockito/Mockito.html#0.3
WARNING: A Java agent has been loaded dynamically (C:\Users\sys1\.m2\repository\net\bytebuddy\byte-buddy-agent\1.18.10\byte-buddy-agent-1.18.10.jar)
WARNING: If a serviceability tool is in use, please run with -XX:+EnableDynamicAgentLoading to hide this warning
WARNING: If a serviceability tool is not in use, please run with -Djdk.instrument.traceUsage for more information
WARNING: Dynamic loading of agents will be disallowed by default in a future release
]]></system-err>
  </testcase>
  <testcase name="countryReturnsIndia" classname="com.cognizant.springlearn.controller.CountryControllerTests" time="0.029">
    <system-out><![CDATA[2026-07-01T16:29:38.403+05:30  INFO 1452 --- [           main] o.s.b.t.m.w.SpringBootMockServletContext : Initializing Spring TestDispatcherServlet ''
2026-07-01T16:29:38.403+05:30  INFO 1452 --- [           main] o.s.t.web.servlet.TestDispatcherServlet  : Initializing Servlet ''
2026-07-01T16:29:38.404+05:30  INFO 1452 --- [           main] o.s.t.web.servlet.TestDispatcherServlet  : Completed initialization in 1 ms
2026-07-01T16:29:38.405+05:30  INFO 1452 --- [           main] c.c.s.controller.CountryController       : START
2026-07-01T16:29:38.427+05:30  INFO 1452 --- [           main] c.c.s.controller.CountryController       : END
]]></system-out>
  </testcase>
  <testcase name="helloReturnsGreeting" classname="com.cognizant.springlearn.controller.CountryControllerTests" time="0.009">
    <system-out><![CDATA[2026-07-01T16:29:38.435+05:30  INFO 1452 --- [           main] o.s.b.t.m.w.SpringBootMockServletContext : Initializing Spring TestDispatcherServlet ''
2026-07-01T16:29:38.435+05:30  INFO 1452 --- [           main] o.s.t.web.servlet.TestDispatcherServlet  : Initializing Servlet ''
2026-07-01T16:29:38.435+05:30  INFO 1452 --- [           main] o.s.t.web.servlet.TestDispatcherServlet  : Completed initialization in 0 ms
2026-07-01T16:29:38.437+05:30  INFO 1452 --- [           main] c.c.s.controller.HelloController         : START
2026-07-01T16:29:38.437+05:30  INFO 1452 --- [           main] c.c.s.controller.HelloController         : END
]]></system-out>
  </testcase>
</testsuite>