<?xml version="1.0" encoding="UTF-8"?>
<testsuite xmlns:xsi="http://www.w3.org/2001/XMLSchema-instance" xsi:noNamespaceSchemaLocation="https://maven.apache.org/surefire/maven-surefire-plugin/xsd/surefire-test-report-3.0.xsd" version="3.0" name="com.example.testing.JUnitAdvancedTest" time="0.124" tests="6" errors="0" skipped="0" failures="0">
  <properties>
[...]
</properties>
  <testcase name="testWithTimeoutAssertion" classname="com.example.testing.JUnitAdvancedTest" time="0.01"/>
  <testcase name="testAdditionWithDifferentValues(int, int, int)[1]" classname="com.example.testing.JUnitAdvancedTest" time="0.032"/>
  <testcase name="testAdditionWithDifferentValues(int, int, int)[2]" classname="com.example.testing.JUnitAdvancedTest" time="0.001"/>
  <testcase name="testAdditionWithDifferentValues(int, int, int)[3]" classname="com.example.testing.JUnitAdvancedTest" time="0.001"/>
  <testcase name="testStringHelper" classname="com.example.testing.JUnitAdvancedTest" time="0.005"/>
  <testcase name="testTimeoutAnnotation" classname="com.example.testing.JUnitAdvancedTest" time="0.006"/>
</testsuite>