<?xml version="1.0" encoding="UTF-8"?>
<testsuite xmlns:xsi="http://www.w3.org/2001/XMLSchema-instance" xsi:noNamespaceSchemaLocation="https://maven.apache.org/surefire/maven-surefire-plugin/xsd/surefire-test-report.xsd" version="3.0.2" name="com.cognizant.ormlearn2.Handson2Tests" time="5.024" tests="2" errors="0" skipped="0" failures="0" flakes="0">
  <properties>
[...]
</properties>
  <testcase name="queryMethodsWork" classname="com.cognizant.ormlearn2.Handson2Tests" time="0.904">
    <system-out><![CDATA[16:29:20.368 [main] INFO org.springframework.test.context.support.AnnotationConfigContextLoaderUtils -- Could not detect default configuration classes for test class [com.cognizant.ormlearn2.Handson2Tests]: Handson2Tests does not declare any static, non-private, non-final, nested classes annotated with @Configuration.
16:29:20.476 [main] INFO org.springframework.boot.test.context.SpringBootTestContextBootstrapper -- Found @SpringBootConfiguration com.cognizant.ormlearn2.OrmLearnHandson2Application for test class com.cognizant.ormlearn2.Handson2Tests
16:29:20.570 [main] INFO org.springframework.test.context.support.AnnotationConfigContextLoaderUtils -- Could not detect default configuration classes for test class [com.cognizant.ormlearn2.Handson2Tests]: Handson2Tests does not declare any static, non-private, non-final, nested classes annotated with @Configuration.
16:29:20.571 [main] INFO org.springframework.boot.test.context.SpringBootTestContextBootstrapper -- Found @SpringBootConfiguration com.cognizant.ormlearn2.OrmLearnHandson2Application for test class com.cognizant.ormlearn2.Handson2Tests

  .   ____          _            __ _ _
 /\\ / ___'_ __ _ _(_)_ __  __ _ \ \ \ \
( ( )\___ | '_ | '_| | '_ \/ _` | \ \ \ \
 \\/  ___)| |_)| | | | | || (_| |  ) ) ) )
  '  |____| .__|_| |_|_| |_\__, | / / / /
 =========|_|==============|___/=/_/_/_/

 :: Spring Boot ::                (v4.1.0)

2026-07-01T16:29:20.869+05:30  INFO 10220 --- [           main] com.cognizant.ormlearn2.Handson2Tests    : Starting Handson2Tests using Java 25.0.3 with PID 10220 (started by sys1 in E:\Xampp\htdocs\JAVA_FSE\deepskilling\week_2\spring_data_jpa_handson_2)
2026-07-01T16:29:20.879+05:30  INFO 10220 --- [           main] com.cognizant.ormlearn2.Handson2Tests    : No active profile set, falling back to 1 default profile: "default"
2026-07-01T16:29:21.353+05:30  INFO 10220 --- [           main] .s.d.r.c.RepositoryConfigurationDelegate : Bootstrapping Spring Data JPA repositories in DEFAULT mode.
2026-07-01T16:29:21.476+05:30  INFO 10220 --- [           main] .s.d.r.c.RepositoryConfigurationDelegate : Finished Spring Data repository scanning in 113 ms. Found 5 JPA repository interfaces.
2026-07-01T16:29:22.045+05:30  INFO 10220 --- [           main] org.hibernate.orm.jpa                    : HHH008540: Processing PersistenceUnitInfo [name: default]
2026-07-01T16:29:22.120+05:30  INFO 10220 --- [           main] org.hibernate.orm.core                   : HHH000001: Hibernate ORM core version 7.4.1.Final
2026-07-01T16:29:22.579+05:30  INFO 10220 --- [           main] o.s.o.j.p.SpringPersistenceUnitInfo      : No LoadTimeWeaver setup: ignoring JPA class transformer
2026-07-01T16:29:22.608+05:30  INFO 10220 --- [           main] com.zaxxer.hikari.HikariDataSource       : HikariPool-1 - Starting...
2026-07-01T16:29:22.799+05:30  INFO 10220 --- [           main] com.zaxxer.hikari.pool.HikariPool        : HikariPool-1 - Added connection conn0: url=jdbc:h2:mem:ormlearn2 user=SA
2026-07-01T16:29:22.801+05:30  INFO 10220 --- [           main] com.zaxxer.hikari.HikariDataSource       : HikariPool-1 - Start completed.
2026-07-01T16:29:22.835+05:30  WARN 10220 --- [           main] org.hibernate.orm.deprecation            : HHH90000025: H2Dialect does not need to be specified explicitly using 'hibernate.dialect' (remove the property setting and it will be selected by default)
2026-07-01T16:29:22.860+05:30  INFO 10220 --- [           main] org.hibernate.orm.connections.pooling    : HHH10001005: Database info:
	Database JDBC URL [jdbc:h2:mem:ormlearn2]
	Database driver: H2 JDBC Driver
	Database dialect: H2Dialect
	Database version: 2.4.240
	Default catalog/schema: ORMLEARN2/PUBLIC
	Autocommit mode: undefined/unknown
	Isolation level: READ_COMMITTED [default READ_COMMITTED]
	JDBC fetch size: 100
	Pool: DataSourceConnectionProvider
	Minimum pool size: undefined/unknown
	Maximum pool size: undefined/unknown
2026-07-01T16:29:23.732+05:30  INFO 10220 --- [           main] org.hibernate.orm.core                   : HHH000489: No JTA platform available (set 'hibernate.transaction.jta.platform' to enable JTA platform integration)
2026-07-01T16:29:23.784+05:30  INFO 10220 --- [           main] j.LocalContainerEntityManagerFactoryBean : Initialized JPA EntityManagerFactory for persistence unit 'default'
2026-07-01T16:29:23.865+05:30  INFO 10220 --- [           main] o.s.d.j.r.query.QueryEnhancerFactories   : Hibernate is in classpath; If applicable, HQL parser will be used.
2026-07-01T16:29:24.250+05:30  INFO 10220 --- [           main] com.cognizant.ormlearn2.Handson2Tests    : Started Handson2Tests in 3.618 seconds (process running for 4.796)
]]></system-out>
    <system-err><![CDATA[Mockito is currently self-attaching to enable the inline-mock-maker. This will no longer work in future releases of the JDK. Please add Mockito as an agent to your build as described in Mockito's documentation: https://javadoc.io/doc/org.mockito/mockito-core/latest/org.mockito/org/mockito/Mockito.html#0.3
WARNING: A Java agent has been loaded dynamically (C:\Users\sys1\.m2\repository\net\bytebuddy\byte-buddy-agent\1.18.10\byte-buddy-agent-1.18.10.jar)
WARNING: If a serviceability tool is in use, please run with -XX:+EnableDynamicAgentLoading to hide this warning
WARNING: If a serviceability tool is not in use, please run with -Djdk.instrument.traceUsage for more information
WARNING: Dynamic loading of agents will be disallowed by default in a future release
]]></system-err>
  </testcase>
  <testcase name="payrollMappingsWork" classname="com.cognizant.ormlearn2.Handson2Tests" time="0.034"/>
</testsuite>